<?xml version="1.0" encoding="UTF-8"?>
<!-- Generated by org.testng.reporters.JUnitReportReporter -->
<testsuite hostname="Harish" failures="0" tests="6" name="selflearn.selflearn.BaseCls" time="23.122" errors="0" timestamp="2025-03-18T21:10:27 IST" skipped="0">
  <testcase classname="selflearn.selflearn.BaseCls" name="test1" time="2.317"/>
  <testcase classname="selflearn.selflearn.BaseCls" name="test1" time="5.976"/>
  <testcase classname="selflearn.selflearn.BaseCls" name="test2" time="5.008"/>
  <testcase classname="selflearn.selflearn.BaseCls" name="test3" time="5.106"/>
  <testcase classname="selflearn.selflearn.BaseCls" name="test3" time="2.512"/>
  <testcase classname="selflearn.selflearn.BaseCls" name="test2" time="2.203"/>
</testsuite> <!-- selflearn.selflearn.BaseCls -->
